{"C:\\Users\\coder\\OneDrive\\Desktop\\server-side\\test\\freelance-marketplace-project-server\\src\\index.js": {"path":"C:\\Users\\coder\\OneDrive\\Desktop\\server-side\\test\\freelance-marketplace-project-server\\src\\index.js","statementMap":{"0":{"start":{"line":1,"column":16},"end":{"line":1,"column":34}},"1":{"start":{"line":2,"column":17},"end":{"line":2,"column":36}},"2":{"start":{"line":3,"column":15},"end":{"line":3,"column":32}},"3":{"start":{"line":4,"column":13},"end":{"line":4,"column":28}},"4":{"start":{"line":5,"column":13},"end":{"line":5,"column":28}},"5":{"start":{"line":6,"column":18},"end":{"line":6,"column":47}},"6":{"start":{"line":7,"column":18},"end":{"line":7,"column":47}},"7":{"start":{"line":8,"column":20},"end":{"line":8,"column":51}},"8":{"start":{"line":9,"column":18},"end":{"line":9,"column":47}},"9":{"start":{"line":10,"column":20},"end":{"line":10,"column":51}},"10":{"start":{"line":11,"column":18},"end":{"line":11,"column":47}},"11":{"start":{"line":12,"column":24},"end":{"line":12,"column":48}},"12":{"start":{"line":13,"column":12},"end":{"line":13,"column":21}},"13":{"start":{"line":16,"column":0},"end":{"line":16,"column":24}},"14":{"start":{"line":17,"column":0},"end":{"line":17,"column":16}},"15":{"start":{"line":18,"column":19},"end":{"line":18,"column":52}},"16":{"start":{"line":19,"column":0},"end":{"line":19,"column":36}},"17":{"start":{"line":23,"column":0},"end":{"line":23,"column":27}},"18":{"start":{"line":25,"column":0},"end":{"line":42,"column":3}},"19":{"start":{"line":26,"column":2},"end":{"line":26,"column":49}},"20":{"start":{"line":27,"column":2},"end":{"line":30,"column":4}},"21":{"start":{"line":31,"column":2},"end":{"line":35,"column":4}},"22":{"start":{"line":36,"column":2},"end":{"line":40,"column":4}},"23":{"start":{"line":41,"column":2},"end":{"line":41,"column":9}},"24":{"start":{"line":45,"column":0},"end":{"line":54,"column":36}},"25":{"start":{"line":53,"column":14},"end":{"line":53,"column":53}},"26":{"start":{"line":54,"column":18},"end":{"line":54,"column":34}},"27":{"start":{"line":57,"column":0},"end":{"line":59,"column":3}},"28":{"start":{"line":58,"column":2},"end":{"line":58,"column":39}},"29":{"start":{"line":62,"column":0},"end":{"line":62,"column":34}},"30":{"start":{"line":63,"column":0},"end":{"line":63,"column":33}},"31":{"start":{"line":64,"column":0},"end":{"line":64,"column":38}},"32":{"start":{"line":65,"column":0},"end":{"line":65,"column":33}},"33":{"start":{"line":66,"column":0},"end":{"line":66,"column":43}},"34":{"start":{"line":67,"column":0},"end":{"line":67,"column":34}},"35":{"start":{"line":69,"column":0},"end":{"line":69,"column":21}}},"fnMap":{"0":{"name":"(anonymous_0)","decl":{"start":{"line":25,"column":8},"end":{"line":25,"column":9}},"loc":{"start":{"line":25,"column":34},"end":{"line":42,"column":1}},"line":25},"1":{"name":"(anonymous_1)","decl":{"start":{"line":53,"column":8},"end":{"line":53,"column":9}},"loc":{"start":{"line":53,"column":14},"end":{"line":53,"column":53}},"line":53},"2":{"name":"(anonymous_2)","decl":{"start":{"line":54,"column":9},"end":{"line":54,"column":10}},"loc":{"start":{"line":54,"column":18},"end":{"line":54,"column":34}},"line":54},"3":{"name":"(anonymous_3)","decl":{"start":{"line":57,"column":13},"end":{"line":57,"column":14}},"loc":{"start":{"line":57,"column":27},"end":{"line":59,"column":1}},"line":57}},"branchMap":{},"s":{"0":1,"1":1,"2":1,"3":1,"4":1,"5":1,"6":1,"7":1,"8":1,"9":1,"10":1,"11":1,"12":1,"13":1,"14":1,"15":1,"16":1,"17":1,"18":1,"19":1,"20":1,"21":1,"22":1,"23":1,"24":1,"25":1,"26":0,"27":1,"28":0,"29":1,"30":1,"31":1,"32":1,"33":1,"34":1,"35":1},"f":{"0":1,"1":1,"2":0,"3":0},"b":{},"_coverageSchema":"1a1c01bbd47fc00a2c39e90264f33305004495a9","hash":"9f6fd566c8bf3d14b3160de73a75c2fd909ec0c6"}
,"C:\\Users\\coder\\OneDrive\\Desktop\\server-side\\test\\freelance-marketplace-project-server\\src\\config\\cors.js": {"path":"C:\\Users\\coder\\OneDrive\\Desktop\\server-side\\test\\freelance-marketplace-project-server\\src\\config\\cors.js","statementMap":{"0":{"start":{"line":1,"column":20},"end":{"line":5,"column":1}},"1":{"start":{"line":7,"column":0},"end":{"line":7,"column":32}}},"fnMap":{},"branchMap":{},"s":{"0":1,"1":1},"f":{},"b":{},"_coverageSchema":"1a1c01bbd47fc00a2c39e90264f33305004495a9","hash":"7a58b1add063d06f8c6c7d16b5d2dd34bf077acc"}
,"C:\\Users\\coder\\OneDrive\\Desktop\\server-side\\test\\freelance-marketplace-project-server\\src\\routes\\authRoute.js": {"path":"C:\\Users\\coder\\OneDrive\\Desktop\\server-side\\test\\freelance-marketplace-project-server\\src\\routes\\authRoute.js","statementMap":{"0":{"start":{"line":1,"column":16},"end":{"line":1,"column":34}},"1":{"start":{"line":2,"column":19},"end":{"line":2,"column":51}},"2":{"start":{"line":3,"column":17},"end":{"line":3,"column":36}},"3":{"start":{"line":4,"column":18},"end":{"line":4,"column":34}},"4":{"start":{"line":5,"column":13},"end":{"line":5,"column":51}},"5":{"start":{"line":8,"column":0},"end":{"line":17,"column":3}},"6":{"start":{"line":9,"column":2},"end":{"line":16,"column":3}},"7":{"start":{"line":10,"column":20},"end":{"line":10,"column":47}},"8":{"start":{"line":11,"column":4},"end":{"line":11,"column":34}},"9":{"start":{"line":13,"column":4},"end":{"line":15,"column":7}},"10":{"start":{"line":19,"column":0},"end":{"line":31,"column":3}},"11":{"start":{"line":20,"column":2},"end":{"line":30,"column":3}},"12":{"start":{"line":21,"column":17},"end":{"line":21,"column":36}},"13":{"start":{"line":22,"column":4},"end":{"line":25,"column":7}},"14":{"start":{"line":27,"column":4},"end":{"line":29,"column":7}},"15":{"start":{"line":33,"column":0},"end":{"line":45,"column":3}},"16":{"start":{"line":34,"column":2},"end":{"line":44,"column":3}},"17":{"start":{"line":35,"column":17},"end":{"line":35,"column":64}},"18":{"start":{"line":36,"column":4},"end":{"line":39,"column":7}},"19":{"start":{"line":41,"column":4},"end":{"line":43,"column":7}},"20":{"start":{"line":47,"column":0},"end":{"line":59,"column":3}},"21":{"start":{"line":48,"column":2},"end":{"line":58,"column":3}},"22":{"start":{"line":49,"column":17},"end":{"line":49,"column":61}},"23":{"start":{"line":50,"column":4},"end":{"line":53,"column":7}},"24":{"start":{"line":55,"column":4},"end":{"line":57,"column":7}},"25":{"start":{"line":60,"column":0},"end":{"line":72,"column":3}},"26":{"start":{"line":61,"column":2},"end":{"line":71,"column":3}},"27":{"start":{"line":62,"column":17},"end":{"line":62,"column":56}},"28":{"start":{"line":63,"column":4},"end":{"line":66,"column":7}},"29":{"start":{"line":68,"column":4},"end":{"line":70,"column":7}},"30":{"start":{"line":74,"column":0},"end":{"line":86,"column":3}},"31":{"start":{"line":75,"column":2},"end":{"line":85,"column":3}},"32":{"start":{"line":76,"column":17},"end":{"line":76,"column":61}},"33":{"start":{"line":77,"column":4},"end":{"line":80,"column":7}},"34":{"start":{"line":82,"column":4},"end":{"line":84,"column":7}},"35":{"start":{"line":88,"column":0},"end":{"line":102,"column":3}},"36":{"start":{"line":89,"column":2},"end":{"line":101,"column":3}},"37":{"start":{"line":90,"column":17},"end":{"line":92,"column":6}},"38":{"start":{"line":93,"column":4},"end":{"line":96,"column":7}},"39":{"start":{"line":98,"column":4},"end":{"line":100,"column":7}},"40":{"start":{"line":104,"column":0},"end":{"line":118,"column":3}},"41":{"start":{"line":105,"column":2},"end":{"line":117,"column":3}},"42":{"start":{"line":106,"column":17},"end":{"line":108,"column":6}},"43":{"start":{"line":109,"column":4},"end":{"line":112,"column":7}},"44":{"start":{"line":114,"column":4},"end":{"line":116,"column":7}},"45":{"start":{"line":120,"column":0},"end":{"line":134,"column":3}},"46":{"start":{"line":121,"column":2},"end":{"line":133,"column":3}},"47":{"start":{"line":122,"column":17},"end":{"line":124,"column":6}},"48":{"start":{"line":125,"column":4},"end":{"line":128,"column":7}},"49":{"start":{"line":130,"column":4},"end":{"line":132,"column":7}},"50":{"start":{"line":135,"column":0},"end":{"line":149,"column":3}},"51":{"start":{"line":136,"column":2},"end":{"line":148,"column":3}},"52":{"start":{"line":137,"column":17},"end":{"line":139,"column":6}},"53":{"start":{"line":140,"column":4},"end":{"line":143,"column":7}},"54":{"start":{"line":145,"column":4},"end":{"line":147,"column":7}},"55":{"start":{"line":151,"column":0},"end":{"line":165,"column":3}},"56":{"start":{"line":152,"column":2},"end":{"line":164,"column":3}},"57":{"start":{"line":153,"column":17},"end":{"line":155,"column":6}},"58":{"start":{"line":156,"column":4},"end":{"line":159,"column":7}},"59":{"start":{"line":161,"column":4},"end":{"line":163,"column":7}},"60":{"start":{"line":167,"column":0},"end":{"line":181,"column":3}},"61":{"start":{"line":168,"column":2},"end":{"line":180,"column":3}},"62":{"start":{"line":169,"column":17},"end":{"line":171,"column":6}},"63":{"start":{"line":172,"column":4},"end":{"line":175,"column":7}},"64":{"start":{"line":177,"column":4},"end":{"line":179,"column":7}},"65":{"start":{"line":183,"column":0},"end":{"line":197,"column":3}},"66":{"start":{"line":184,"column":2},"end":{"line":196,"column":3}},"67":{"start":{"line":185,"column":17},"end":{"line":187,"column":6}},"68":{"start":{"line":188,"column":4},"end":{"line":191,"column":7}},"69":{"start":{"line":193,"column":4},"end":{"line":195,"column":7}},"70":{"start":{"line":201,"column":0},"end":{"line":216,"column":3}},"71":{"start":{"line":202,"column":2},"end":{"line":215,"column":3}},"72":{"start":{"line":203,"column":17},"end":{"line":206,"column":5}},"73":{"start":{"line":207,"column":4},"end":{"line":210,"column":7}},"74":{"start":{"line":212,"column":4},"end":{"line":214,"column":7}},"75":{"start":{"line":218,"column":0},"end":{"line":233,"column":3}},"76":{"start":{"line":219,"column":2},"end":{"line":232,"column":3}},"77":{"start":{"line":220,"column":17},"end":{"line":223,"column":5}},"78":{"start":{"line":224,"column":4},"end":{"line":227,"column":7}},"79":{"start":{"line":229,"column":4},"end":{"line":231,"column":7}},"80":{"start":{"line":235,"column":0},"end":{"line":250,"column":3}},"81":{"start":{"line":236,"column":2},"end":{"line":249,"column":3}},"82":{"start":{"line":237,"column":17},"end":{"line":240,"column":5}},"83":{"start":{"line":241,"column":4},"end":{"line":244,"column":7}},"84":{"start":{"line":246,"column":4},"end":{"line":248,"column":7}},"85":{"start":{"line":253,"column":0},"end":{"line":268,"column":3}},"86":{"start":{"line":254,"column":2},"end":{"line":267,"column":3}},"87":{"start":{"line":255,"column":17},"end":{"line":258,"column":5}},"88":{"start":{"line":259,"column":4},"end":{"line":262,"column":7}},"89":{"start":{"line":264,"column":4},"end":{"line":266,"column":7}},"90":{"start":{"line":270,"column":0},"end":{"line":291,"column":3}},"91":{"start":{"line":271,"column":2},"end":{"line":290,"column":3}},"92":{"start":{"line":272,"column":17},"end":{"line":272,"column":61}},"93":{"start":{"line":273,"column":4},"end":{"line":285,"column":5}},"94":{"start":{"line":274,"column":6},"end":{"line":278,"column":9}},"95":{"start":{"line":280,"column":6},"end":{"line":284,"column":9}},"96":{"start":{"line":287,"column":4},"end":{"line":289,"column":7}},"97":{"start":{"line":293,"column":0},"end":{"line":308,"column":3}},"98":{"start":{"line":294,"column":2},"end":{"line":307,"column":3}},"99":{"start":{"line":295,"column":17},"end":{"line":298,"column":5}},"100":{"start":{"line":299,"column":4},"end":{"line":302,"column":7}},"101":{"start":{"line":304,"column":4},"end":{"line":306,"column":7}},"102":{"start":{"line":310,"column":0},"end":{"line":310,"column":27}}},"fnMap":{"0":{"name":"(anonymous_0)","decl":{"start":{"line":8,"column":20},"end":{"line":8,"column":21}},"loc":{"start":{"line":8,"column":40},"end":{"line":17,"column":1}},"line":8},"1":{"name":"(anonymous_1)","decl":{"start":{"line":19,"column":19},"end":{"line":19,"column":20}},"loc":{"start":{"line":19,"column":39},"end":{"line":31,"column":1}},"line":19},"2":{"name":"(anonymous_2)","decl":{"start":{"line":33,"column":31},"end":{"line":33,"column":32}},"loc":{"start":{"line":33,"column":51},"end":{"line":45,"column":1}},"line":33},"3":{"name":"(anonymous_3)","decl":{"start":{"line":47,"column":32},"end":{"line":47,"column":33}},"loc":{"start":{"line":47,"column":52},"end":{"line":59,"column":1}},"line":47},"4":{"name":"(anonymous_4)","decl":{"start":{"line":60,"column":22},"end":{"line":60,"column":23}},"loc":{"start":{"line":60,"column":42},"end":{"line":72,"column":1}},"line":60},"5":{"name":"(anonymous_5)","decl":{"start":{"line":74,"column":25},"end":{"line":74,"column":26}},"loc":{"start":{"line":74,"column":45},"end":{"line":86,"column":1}},"line":74},"6":{"name":"(anonymous_6)","decl":{"start":{"line":88,"column":30},"end":{"line":88,"column":31}},"loc":{"start":{"line":88,"column":50},"end":{"line":102,"column":1}},"line":88},"7":{"name":"(anonymous_7)","decl":{"start":{"line":104,"column":31},"end":{"line":104,"column":32}},"loc":{"start":{"line":104,"column":51},"end":{"line":118,"column":1}},"line":104},"8":{"name":"(anonymous_8)","decl":{"start":{"line":120,"column":34},"end":{"line":120,"column":35}},"loc":{"start":{"line":120,"column":54},"end":{"line":134,"column":1}},"line":120},"9":{"name":"(anonymous_9)","decl":{"start":{"line":135,"column":35},"end":{"line":135,"column":36}},"loc":{"start":{"line":135,"column":55},"end":{"line":149,"column":1}},"line":135},"10":{"name":"(anonymous_10)","decl":{"start":{"line":151,"column":28},"end":{"line":151,"column":29}},"loc":{"start":{"line":151,"column":48},"end":{"line":165,"column":1}},"line":151},"11":{"name":"(anonymous_11)","decl":{"start":{"line":167,"column":31},"end":{"line":167,"column":32}},"loc":{"start":{"line":167,"column":51},"end":{"line":181,"column":1}},"line":167},"12":{"name":"(anonymous_12)","decl":{"start":{"line":183,"column":31},"end":{"line":183,"column":32}},"loc":{"start":{"line":183,"column":51},"end":{"line":197,"column":1}},"line":183},"13":{"name":"(anonymous_13)","decl":{"start":{"line":201,"column":35},"end":{"line":201,"column":36}},"loc":{"start":{"line":201,"column":55},"end":{"line":216,"column":1}},"line":201},"14":{"name":"(anonymous_14)","decl":{"start":{"line":218,"column":35},"end":{"line":218,"column":36}},"loc":{"start":{"line":218,"column":55},"end":{"line":233,"column":1}},"line":218},"15":{"name":"(anonymous_15)","decl":{"start":{"line":235,"column":35},"end":{"line":235,"column":36}},"loc":{"start":{"line":235,"column":55},"end":{"line":250,"column":1}},"line":235},"16":{"name":"(anonymous_16)","decl":{"start":{"line":253,"column":31},"end":{"line":253,"column":32}},"loc":{"start":{"line":253,"column":51},"end":{"line":268,"column":1}},"line":253},"17":{"name":"(anonymous_17)","decl":{"start":{"line":270,"column":31},"end":{"line":270,"column":32}},"loc":{"start":{"line":270,"column":51},"end":{"line":291,"column":1}},"line":270},"18":{"name":"(anonymous_18)","decl":{"start":{"line":293,"column":38},"end":{"line":293,"column":39}},"loc":{"start":{"line":293,"column":58},"end":{"line":308,"column":1}},"line":293}},"branchMap":{"0":{"loc":{"start":{"line":273,"column":4},"end":{"line":285,"column":5}},"type":"if","locations":[{"start":{"line":273,"column":4},"end":{"line":285,"column":5}},{"start":{"line":279,"column":11},"end":{"line":285,"column":5}}],"line":273}},"s":{"0":1,"1":1,"2":1,"3":1,"4":1,"5":1,"6":0,"7":0,"8":0,"9":0,"10":1,"11":1,"12":1,"13":1,"14":0,"15":1,"16":0,"17":0,"18":0,"19":0,"20":1,"21":0,"22":0,"23":0,"24":0,"25":1,"26":0,"27":0,"28":0,"29":0,"30":1,"31":0,"32":0,"33":0,"34":0,"35":1,"36":0,"37":0,"38":0,"39":0,"40":1,"41":0,"42":0,"43":0,"44":0,"45":1,"46":0,"47":0,"48":0,"49":0,"50":1,"51":0,"52":0,"53":0,"54":0,"55":1,"56":0,"57":0,"58":0,"59":0,"60":1,"61":0,"62":0,"63":0,"64":0,"65":1,"66":0,"67":0,"68":0,"69":0,"70":1,"71":0,"72":0,"73":0,"74":0,"75":1,"76":0,"77":0,"78":0,"79":0,"80":1,"81":0,"82":0,"83":0,"84":0,"85":1,"86":0,"87":0,"88":0,"89":0,"90":1,"91":0,"92":0,"93":0,"94":0,"95":0,"96":0,"97":1,"98":0,"99":0,"100":0,"101":0,"102":1},"f":{"0":0,"1":1,"2":0,"3":0,"4":0,"5":0,"6":0,"7":0,"8":0,"9":0,"10":0,"11":0,"12":0,"13":0,"14":0,"15":0,"16":0,"17":0,"18":0},"b":{"0":[0,0]},"_coverageSchema":"1a1c01bbd47fc00a2c39e90264f33305004495a9","hash":"9fa22ee78d44c905c8816a3397735d50de0109ed"}
,"C:\\Users\\coder\\OneDrive\\Desktop\\server-side\\test\\freelance-marketplace-project-server\\src\\routes\\gigsRoute.js": {"path":"C:\\Users\\coder\\OneDrive\\Desktop\\server-side\\test\\freelance-marketplace-project-server\\src\\routes\\gigsRoute.js","statementMap":{"0":{"start":{"line":1,"column":16},"end":{"line":1,"column":34}},"1":{"start":{"line":2,"column":17},"end":{"line":2,"column":36}},"2":{"start":{"line":3,"column":19},"end":{"line":3,"column":51}},"3":{"start":{"line":4,"column":18},"end":{"line":4,"column":34}},"4":{"start":{"line":5,"column":12},"end":{"line":5,"column":49}},"5":{"start":{"line":8,"column":0},"end":{"line":17,"column":3}},"6":{"start":{"line":9,"column":2},"end":{"line":16,"column":3}},"7":{"start":{"line":10,"column":20},"end":{"line":10,"column":46}},"8":{"start":{"line":11,"column":4},"end":{"line":11,"column":34}},"9":{"start":{"line":13,"column":4},"end":{"line":15,"column":7}},"10":{"start":{"line":19,"column":0},"end":{"line":31,"column":3}},"11":{"start":{"line":20,"column":2},"end":{"line":30,"column":3}},"12":{"start":{"line":21,"column":17},"end":{"line":21,"column":35}},"13":{"start":{"line":22,"column":4},"end":{"line":25,"column":7}},"14":{"start":{"line":27,"column":4},"end":{"line":29,"column":7}},"15":{"start":{"line":33,"column":0},"end":{"line":45,"column":3}},"16":{"start":{"line":34,"column":2},"end":{"line":44,"column":3}},"17":{"start":{"line":35,"column":17},"end":{"line":35,"column":49}},"18":{"start":{"line":36,"column":4},"end":{"line":39,"column":7}},"19":{"start":{"line":41,"column":4},"end":{"line":43,"column":7}},"20":{"start":{"line":47,"column":0},"end":{"line":59,"column":3}},"21":{"start":{"line":48,"column":2},"end":{"line":58,"column":3}},"22":{"start":{"line":49,"column":17},"end":{"line":49,"column":55}},"23":{"start":{"line":50,"column":4},"end":{"line":53,"column":7}},"24":{"start":{"line":55,"column":4},"end":{"line":57,"column":7}},"25":{"start":{"line":63,"column":0},"end":{"line":78,"column":3}},"26":{"start":{"line":64,"column":2},"end":{"line":77,"column":3}},"27":{"start":{"line":65,"column":17},"end":{"line":68,"column":5}},"28":{"start":{"line":69,"column":4},"end":{"line":72,"column":7}},"29":{"start":{"line":74,"column":4},"end":{"line":76,"column":7}},"30":{"start":{"line":80,"column":0},"end":{"line":95,"column":3}},"31":{"start":{"line":81,"column":2},"end":{"line":94,"column":3}},"32":{"start":{"line":82,"column":17},"end":{"line":85,"column":5}},"33":{"start":{"line":86,"column":4},"end":{"line":89,"column":7}},"34":{"start":{"line":91,"column":4},"end":{"line":93,"column":7}},"35":{"start":{"line":96,"column":0},"end":{"line":96,"column":27}}},"fnMap":{"0":{"name":"(anonymous_0)","decl":{"start":{"line":8,"column":20},"end":{"line":8,"column":21}},"loc":{"start":{"line":8,"column":40},"end":{"line":17,"column":1}},"line":8},"1":{"name":"(anonymous_1)","decl":{"start":{"line":19,"column":19},"end":{"line":19,"column":20}},"loc":{"start":{"line":19,"column":39},"end":{"line":31,"column":1}},"line":19},"2":{"name":"(anonymous_2)","decl":{"start":{"line":33,"column":22},"end":{"line":33,"column":23}},"loc":{"start":{"line":33,"column":42},"end":{"line":45,"column":1}},"line":33},"3":{"name":"(anonymous_3)","decl":{"start":{"line":47,"column":22},"end":{"line":47,"column":23}},"loc":{"start":{"line":47,"column":42},"end":{"line":59,"column":1}},"line":47},"4":{"name":"(anonymous_4)","decl":{"start":{"line":63,"column":26},"end":{"line":63,"column":27}},"loc":{"start":{"line":63,"column":46},"end":{"line":78,"column":1}},"line":63},"5":{"name":"(anonymous_5)","decl":{"start":{"line":80,"column":33},"end":{"line":80,"column":34}},"loc":{"start":{"line":80,"column":53},"end":{"line":95,"column":1}},"line":80}},"branchMap":{},"s":{"0":1,"1":1,"2":1,"3":1,"4":1,"5":1,"6":0,"7":0,"8":0,"9":0,"10":1,"11":0,"12":0,"13":0,"14":0,"15":1,"16":0,"17":0,"18":0,"19":0,"20":1,"21":0,"22":0,"23":0,"24":0,"25":1,"26":0,"27":0,"28":0,"29":0,"30":1,"31":0,"32":0,"33":0,"34":0,"35":1},"f":{"0":0,"1":0,"2":0,"3":0,"4":0,"5":0},"b":{},"_coverageSchema":"1a1c01bbd47fc00a2c39e90264f33305004495a9","hash":"3748217a8881d3003a710bd32bd0708038c10aae"}
,"C:\\Users\\coder\\OneDrive\\Desktop\\server-side\\test\\freelance-marketplace-project-server\\src\\routes\\mailRoute.js": {"path":"C:\\Users\\coder\\OneDrive\\Desktop\\server-side\\test\\freelance-marketplace-project-server\\src\\routes\\mailRoute.js","statementMap":{"0":{"start":{"line":1,"column":16},"end":{"line":1,"column":34}},"1":{"start":{"line":2,"column":17},"end":{"line":2,"column":36}},"2":{"start":{"line":3,"column":19},"end":{"line":3,"column":51}},"3":{"start":{"line":4,"column":18},"end":{"line":4,"column":34}},"4":{"start":{"line":5,"column":13},"end":{"line":5,"column":51}},"5":{"start":{"line":8,"column":0},"end":{"line":19,"column":3}},"6":{"start":{"line":9,"column":2},"end":{"line":9,"column":24}},"7":{"start":{"line":10,"column":2},"end":{"line":18,"column":3}},"8":{"start":{"line":11,"column":20},"end":{"line":11,"column":47}},"9":{"start":{"line":12,"column":4},"end":{"line":12,"column":34}},"10":{"start":{"line":14,"column":4},"end":{"line":16,"column":7}},"11":{"start":{"line":17,"column":4},"end":{"line":17,"column":26}},"12":{"start":{"line":21,"column":0},"end":{"line":33,"column":3}},"13":{"start":{"line":22,"column":2},"end":{"line":32,"column":3}},"14":{"start":{"line":23,"column":17},"end":{"line":23,"column":38}},"15":{"start":{"line":24,"column":4},"end":{"line":27,"column":7}},"16":{"start":{"line":29,"column":4},"end":{"line":31,"column":7}},"17":{"start":{"line":36,"column":0},"end":{"line":48,"column":3}},"18":{"start":{"line":37,"column":2},"end":{"line":47,"column":3}},"19":{"start":{"line":38,"column":17},"end":{"line":38,"column":63}},"20":{"start":{"line":39,"column":4},"end":{"line":42,"column":7}},"21":{"start":{"line":44,"column":4},"end":{"line":46,"column":7}},"22":{"start":{"line":50,"column":0},"end":{"line":50,"column":27}}},"fnMap":{"0":{"name":"(anonymous_0)","decl":{"start":{"line":8,"column":20},"end":{"line":8,"column":21}},"loc":{"start":{"line":8,"column":40},"end":{"line":19,"column":1}},"line":8},"1":{"name":"(anonymous_1)","decl":{"start":{"line":21,"column":19},"end":{"line":21,"column":20}},"loc":{"start":{"line":21,"column":39},"end":{"line":33,"column":1}},"line":21},"2":{"name":"(anonymous_2)","decl":{"start":{"line":36,"column":25},"end":{"line":36,"column":26}},"loc":{"start":{"line":36,"column":45},"end":{"line":48,"column":1}},"line":36}},"branchMap":{},"s":{"0":1,"1":1,"2":1,"3":1,"4":1,"5":1,"6":0,"7":0,"8":0,"9":0,"10":0,"11":0,"12":1,"13":0,"14":0,"15":0,"16":0,"17":1,"18":0,"19":0,"20":0,"21":0,"22":1},"f":{"0":0,"1":0,"2":0},"b":{},"_coverageSchema":"1a1c01bbd47fc00a2c39e90264f33305004495a9","hash":"16feba45261bdac2b817d98679b827e9a98e4764"}
,"C:\\Users\\coder\\OneDrive\\Desktop\\server-side\\test\\freelance-marketplace-project-server\\src\\routes\\notifyRoute.js": {"path":"C:\\Users\\coder\\OneDrive\\Desktop\\server-side\\test\\freelance-marketplace-project-server\\src\\routes\\notifyRoute.js","statementMap":{"0":{"start":{"line":1,"column":16},"end":{"line":1,"column":34}},"1":{"start":{"line":2,"column":17},"end":{"line":2,"column":36}},"2":{"start":{"line":3,"column":21},"end":{"line":3,"column":55}},"3":{"start":{"line":4,"column":20},"end":{"line":4,"column":36}},"4":{"start":{"line":5,"column":15},"end":{"line":5,"column":57}},"5":{"start":{"line":8,"column":0},"end":{"line":19,"column":3}},"6":{"start":{"line":9,"column":2},"end":{"line":9,"column":24}},"7":{"start":{"line":10,"column":2},"end":{"line":18,"column":3}},"8":{"start":{"line":11,"column":20},"end":{"line":11,"column":49}},"9":{"start":{"line":12,"column":4},"end":{"line":12,"column":34}},"10":{"start":{"line":14,"column":4},"end":{"line":16,"column":7}},"11":{"start":{"line":17,"column":4},"end":{"line":17,"column":26}},"12":{"start":{"line":21,"column":0},"end":{"line":33,"column":3}},"13":{"start":{"line":22,"column":2},"end":{"line":32,"column":3}},"14":{"start":{"line":23,"column":17},"end":{"line":23,"column":38}},"15":{"start":{"line":24,"column":4},"end":{"line":27,"column":7}},"16":{"start":{"line":29,"column":4},"end":{"line":31,"column":7}},"17":{"start":{"line":35,"column":0},"end":{"line":47,"column":3}},"18":{"start":{"line":36,"column":2},"end":{"line":46,"column":3}},"19":{"start":{"line":37,"column":17},"end":{"line":37,"column":63}},"20":{"start":{"line":38,"column":4},"end":{"line":41,"column":7}},"21":{"start":{"line":43,"column":4},"end":{"line":45,"column":7}},"22":{"start":{"line":49,"column":0},"end":{"line":49,"column":29}}},"fnMap":{"0":{"name":"(anonymous_0)","decl":{"start":{"line":8,"column":22},"end":{"line":8,"column":23}},"loc":{"start":{"line":8,"column":42},"end":{"line":19,"column":1}},"line":8},"1":{"name":"(anonymous_1)","decl":{"start":{"line":21,"column":21},"end":{"line":21,"column":22}},"loc":{"start":{"line":21,"column":41},"end":{"line":33,"column":1}},"line":21},"2":{"name":"(anonymous_2)","decl":{"start":{"line":35,"column":27},"end":{"line":35,"column":28}},"loc":{"start":{"line":35,"column":47},"end":{"line":47,"column":1}},"line":35}},"branchMap":{},"s":{"0":1,"1":1,"2":1,"3":1,"4":1,"5":1,"6":0,"7":0,"8":0,"9":0,"10":0,"11":0,"12":1,"13":0,"14":0,"15":0,"16":0,"17":1,"18":0,"19":0,"20":0,"21":0,"22":1},"f":{"0":0,"1":0,"2":0},"b":{},"_coverageSchema":"1a1c01bbd47fc00a2c39e90264f33305004495a9","hash":"50dcc6c50342bb992a7d5b92fc39361aef52ab6b"}
,"C:\\Users\\coder\\OneDrive\\Desktop\\server-side\\test\\freelance-marketplace-project-server\\src\\routes\\reviewRoute.js": {"path":"C:\\Users\\coder\\OneDrive\\Desktop\\server-side\\test\\freelance-marketplace-project-server\\src\\routes\\reviewRoute.js","statementMap":{"0":{"start":{"line":1,"column":16},"end":{"line":1,"column":34}},"1":{"start":{"line":2,"column":17},"end":{"line":2,"column":36}},"2":{"start":{"line":3,"column":21},"end":{"line":3,"column":55}},"3":{"start":{"line":5,"column":15},"end":{"line":5,"column":57}},"4":{"start":{"line":7,"column":20},"end":{"line":7,"column":36}},"5":{"start":{"line":9,"column":0},"end":{"line":18,"column":3}},"6":{"start":{"line":10,"column":2},"end":{"line":17,"column":3}},"7":{"start":{"line":11,"column":22},"end":{"line":11,"column":51}},"8":{"start":{"line":12,"column":4},"end":{"line":12,"column":36}},"9":{"start":{"line":14,"column":4},"end":{"line":16,"column":7}},"10":{"start":{"line":20,"column":0},"end":{"line":32,"column":3}},"11":{"start":{"line":21,"column":2},"end":{"line":31,"column":3}},"12":{"start":{"line":22,"column":17},"end":{"line":22,"column":38}},"13":{"start":{"line":23,"column":4},"end":{"line":26,"column":7}},"14":{"start":{"line":28,"column":4},"end":{"line":30,"column":7}},"15":{"start":{"line":34,"column":0},"end":{"line":46,"column":3}},"16":{"start":{"line":35,"column":2},"end":{"line":45,"column":3}},"17":{"start":{"line":36,"column":17},"end":{"line":36,"column":73}},"18":{"start":{"line":37,"column":4},"end":{"line":40,"column":7}},"19":{"start":{"line":42,"column":4},"end":{"line":44,"column":7}},"20":{"start":{"line":49,"column":0},"end":{"line":61,"column":3}},"21":{"start":{"line":50,"column":2},"end":{"line":60,"column":3}},"22":{"start":{"line":51,"column":17},"end":{"line":51,"column":75}},"23":{"start":{"line":52,"column":4},"end":{"line":55,"column":7}},"24":{"start":{"line":57,"column":4},"end":{"line":59,"column":7}},"25":{"start":{"line":63,"column":0},"end":{"line":63,"column":29}}},"fnMap":{"0":{"name":"(anonymous_0)","decl":{"start":{"line":9,"column":22},"end":{"line":9,"column":23}},"loc":{"start":{"line":9,"column":42},"end":{"line":18,"column":1}},"line":9},"1":{"name":"(anonymous_1)","decl":{"start":{"line":20,"column":21},"end":{"line":20,"column":22}},"loc":{"start":{"line":20,"column":41},"end":{"line":32,"column":1}},"line":20},"2":{"name":"(anonymous_2)","decl":{"start":{"line":34,"column":43},"end":{"line":34,"column":44}},"loc":{"start":{"line":34,"column":63},"end":{"line":46,"column":1}},"line":34},"3":{"name":"(anonymous_3)","decl":{"start":{"line":49,"column":45},"end":{"line":49,"column":46}},"loc":{"start":{"line":49,"column":65},"end":{"line":61,"column":1}},"line":49}},"branchMap":{},"s":{"0":1,"1":1,"2":1,"3":1,"4":1,"5":1,"6":0,"7":0,"8":0,"9":0,"10":1,"11":0,"12":0,"13":0,"14":0,"15":1,"16":0,"17":0,"18":0,"19":0,"20":1,"21":0,"22":0,"23":0,"24":0,"25":1},"f":{"0":0,"1":0,"2":0,"3":0},"b":{},"_coverageSchema":"1a1c01bbd47fc00a2c39e90264f33305004495a9","hash":"e403f97f3b3e33c8f591a82f7f469c9332d195e5"}
,"C:\\Users\\coder\\OneDrive\\Desktop\\server-side\\test\\freelance-marketplace-project-server\\src\\routes\\taskRoute.js": {"path":"C:\\Users\\coder\\OneDrive\\Desktop\\server-side\\test\\freelance-marketplace-project-server\\src\\routes\\taskRoute.js","statementMap":{"0":{"start":{"line":1,"column":16},"end":{"line":1,"column":34}},"1":{"start":{"line":2,"column":17},"end":{"line":2,"column":36}},"2":{"start":{"line":3,"column":19},"end":{"line":3,"column":51}},"3":{"start":{"line":5,"column":13},"end":{"line":5,"column":51}},"4":{"start":{"line":6,"column":18},"end":{"line":6,"column":34}},"5":{"start":{"line":9,"column":0},"end":{"line":18,"column":3}},"6":{"start":{"line":10,"column":2},"end":{"line":17,"column":3}},"7":{"start":{"line":11,"column":20},"end":{"line":11,"column":47}},"8":{"start":{"line":12,"column":4},"end":{"line":12,"column":34}},"9":{"start":{"line":14,"column":4},"end":{"line":16,"column":7}},"10":{"start":{"line":20,"column":0},"end":{"line":32,"column":3}},"11":{"start":{"line":21,"column":2},"end":{"line":31,"column":3}},"12":{"start":{"line":22,"column":17},"end":{"line":22,"column":36}},"13":{"start":{"line":23,"column":4},"end":{"line":26,"column":7}},"14":{"start":{"line":28,"column":4},"end":{"line":30,"column":7}},"15":{"start":{"line":34,"column":0},"end":{"line":46,"column":3}},"16":{"start":{"line":35,"column":2},"end":{"line":45,"column":3}},"17":{"start":{"line":36,"column":17},"end":{"line":36,"column":71}},"18":{"start":{"line":37,"column":4},"end":{"line":40,"column":7}},"19":{"start":{"line":42,"column":4},"end":{"line":44,"column":7}},"20":{"start":{"line":48,"column":0},"end":{"line":60,"column":3}},"21":{"start":{"line":49,"column":2},"end":{"line":59,"column":3}},"22":{"start":{"line":50,"column":17},"end":{"line":50,"column":73}},"23":{"start":{"line":51,"column":4},"end":{"line":54,"column":7}},"24":{"start":{"line":56,"column":4},"end":{"line":58,"column":7}},"25":{"start":{"line":62,"column":0},"end":{"line":74,"column":3}},"26":{"start":{"line":63,"column":2},"end":{"line":73,"column":3}},"27":{"start":{"line":64,"column":17},"end":{"line":64,"column":61}},"28":{"start":{"line":65,"column":4},"end":{"line":68,"column":7}},"29":{"start":{"line":70,"column":4},"end":{"line":72,"column":7}},"30":{"start":{"line":76,"column":0},"end":{"line":91,"column":3}},"31":{"start":{"line":77,"column":2},"end":{"line":90,"column":3}},"32":{"start":{"line":78,"column":17},"end":{"line":81,"column":5}},"33":{"start":{"line":82,"column":4},"end":{"line":85,"column":7}},"34":{"start":{"line":87,"column":4},"end":{"line":89,"column":7}},"35":{"start":{"line":93,"column":0},"end":{"line":108,"column":3}},"36":{"start":{"line":94,"column":2},"end":{"line":107,"column":3}},"37":{"start":{"line":95,"column":17},"end":{"line":98,"column":5}},"38":{"start":{"line":99,"column":4},"end":{"line":102,"column":7}},"39":{"start":{"line":104,"column":4},"end":{"line":106,"column":7}},"40":{"start":{"line":110,"column":0},"end":{"line":110,"column":27}}},"fnMap":{"0":{"name":"(anonymous_0)","decl":{"start":{"line":9,"column":20},"end":{"line":9,"column":21}},"loc":{"start":{"line":9,"column":40},"end":{"line":18,"column":1}},"line":9},"1":{"name":"(anonymous_1)","decl":{"start":{"line":20,"column":19},"end":{"line":20,"column":20}},"loc":{"start":{"line":20,"column":39},"end":{"line":32,"column":1}},"line":20},"2":{"name":"(anonymous_2)","decl":{"start":{"line":34,"column":41},"end":{"line":34,"column":42}},"loc":{"start":{"line":34,"column":61},"end":{"line":46,"column":1}},"line":34},"3":{"name":"(anonymous_3)","decl":{"start":{"line":48,"column":43},"end":{"line":48,"column":44}},"loc":{"start":{"line":48,"column":63},"end":{"line":60,"column":1}},"line":48},"4":{"name":"(anonymous_4)","decl":{"start":{"line":62,"column":25},"end":{"line":62,"column":26}},"loc":{"start":{"line":62,"column":45},"end":{"line":74,"column":1}},"line":62},"5":{"name":"(anonymous_5)","decl":{"start":{"line":76,"column":29},"end":{"line":76,"column":30}},"loc":{"start":{"line":76,"column":49},"end":{"line":91,"column":1}},"line":76},"6":{"name":"(anonymous_6)","decl":{"start":{"line":93,"column":31},"end":{"line":93,"column":32}},"loc":{"start":{"line":93,"column":51},"end":{"line":108,"column":1}},"line":93}},"branchMap":{},"s":{"0":1,"1":1,"2":1,"3":1,"4":1,"5":1,"6":0,"7":0,"8":0,"9":0,"10":1,"11":0,"12":0,"13":0,"14":0,"15":1,"16":0,"17":0,"18":0,"19":0,"20":1,"21":0,"22":0,"23":0,"24":0,"25":1,"26":0,"27":0,"28":0,"29":0,"30":1,"31":0,"32":0,"33":0,"34":0,"35":1,"36":0,"37":0,"38":0,"39":0,"40":1},"f":{"0":0,"1":0,"2":0,"3":0,"4":0,"5":0,"6":0},"b":{},"_coverageSchema":"1a1c01bbd47fc00a2c39e90264f33305004495a9","hash":"2389c2dbea4653af94ed5188ca9df61b164f6672"}
,"C:\\Users\\coder\\OneDrive\\Desktop\\server-side\\test\\freelance-marketplace-project-server\\src\\schemas\\authSchema.js": {"path":"C:\\Users\\coder\\OneDrive\\Desktop\\server-side\\test\\freelance-marketplace-project-server\\src\\schemas\\authSchema.js","statementMap":{"0":{"start":{"line":1,"column":16},"end":{"line":1,"column":34}},"1":{"start":{"line":2,"column":17},"end":{"line":2,"column":48}},"2":{"start":{"line":3,"column":17},"end":{"line":3,"column":36}},"3":{"start":{"line":4,"column":19},"end":{"line":4,"column":27}},"4":{"start":{"line":6,"column":19},"end":{"line":62,"column":2}},"5":{"start":{"line":63,"column":0},"end":{"line":63,"column":28}}},"fnMap":{},"branchMap":{},"s":{"0":1,"1":1,"2":1,"3":1,"4":1,"5":1},"f":{},"b":{},"_coverageSchema":"1a1c01bbd47fc00a2c39e90264f33305004495a9","hash":"c5ee646857e2b8e7ab85a97b59b7b2cf4dbe8350"}
,"C:\\Users\\coder\\OneDrive\\Desktop\\server-side\\test\\freelance-marketplace-project-server\\src\\schemas\\gigsSchema.js": {"path":"C:\\Users\\coder\\OneDrive\\Desktop\\server-side\\test\\freelance-marketplace-project-server\\src\\schemas\\gigsSchema.js","statementMap":{"0":{"start":{"line":1,"column":16},"end":{"line":1,"column":34}},"1":{"start":{"line":2,"column":17},"end":{"line":2,"column":48}},"2":{"start":{"line":3,"column":17},"end":{"line":3,"column":36}},"3":{"start":{"line":4,"column":19},"end":{"line":4,"column":27}},"4":{"start":{"line":6,"column":19},"end":{"line":80,"column":2}},"5":{"start":{"line":82,"column":0},"end":{"line":82,"column":28}}},"fnMap":{},"branchMap":{},"s":{"0":1,"1":1,"2":1,"3":1,"4":1,"5":1},"f":{},"b":{},"_coverageSchema":"1a1c01bbd47fc00a2c39e90264f33305004495a9","hash":"aec158c2d9df76c0d5242e47f363196ccace5c62"}
,"C:\\Users\\coder\\OneDrive\\Desktop\\server-side\\test\\freelance-marketplace-project-server\\src\\schemas\\mailSchema.js": {"path":"C:\\Users\\coder\\OneDrive\\Desktop\\server-side\\test\\freelance-marketplace-project-server\\src\\schemas\\mailSchema.js","statementMap":{"0":{"start":{"line":1,"column":16},"end":{"line":1,"column":34}},"1":{"start":{"line":2,"column":17},"end":{"line":2,"column":36}},"2":{"start":{"line":4,"column":19},"end":{"line":28,"column":2}},"3":{"start":{"line":30,"column":0},"end":{"line":30,"column":28}}},"fnMap":{},"branchMap":{},"s":{"0":1,"1":1,"2":1,"3":1},"f":{},"b":{},"_coverageSchema":"1a1c01bbd47fc00a2c39e90264f33305004495a9","hash":"b0d8b6dbf9281813e5e47a765894eacd2850bfd1"}
,"C:\\Users\\coder\\OneDrive\\Desktop\\server-side\\test\\freelance-marketplace-project-server\\src\\schemas\\notifySchema.js": {"path":"C:\\Users\\coder\\OneDrive\\Desktop\\server-side\\test\\freelance-marketplace-project-server\\src\\schemas\\notifySchema.js","statementMap":{"0":{"start":{"line":1,"column":16},"end":{"line":1,"column":34}},"1":{"start":{"line":2,"column":17},"end":{"line":2,"column":36}},"2":{"start":{"line":4,"column":21},"end":{"line":24,"column":2}},"3":{"start":{"line":26,"column":0},"end":{"line":26,"column":30}}},"fnMap":{},"branchMap":{},"s":{"0":1,"1":1,"2":1,"3":1},"f":{},"b":{},"_coverageSchema":"1a1c01bbd47fc00a2c39e90264f33305004495a9","hash":"1f462c5cfb481a7e0a6613b19063b6f0587c945b"}
,"C:\\Users\\coder\\OneDrive\\Desktop\\server-side\\test\\freelance-marketplace-project-server\\src\\schemas\\reviewSchema.js": {"path":"C:\\Users\\coder\\OneDrive\\Desktop\\server-side\\test\\freelance-marketplace-project-server\\src\\schemas\\reviewSchema.js","statementMap":{"0":{"start":{"line":1,"column":16},"end":{"line":1,"column":34}},"1":{"start":{"line":2,"column":17},"end":{"line":2,"column":36}},"2":{"start":{"line":4,"column":21},"end":{"line":37,"column":2}},"3":{"start":{"line":38,"column":0},"end":{"line":38,"column":30}}},"fnMap":{},"branchMap":{},"s":{"0":1,"1":1,"2":1,"3":1},"f":{},"b":{},"_coverageSchema":"1a1c01bbd47fc00a2c39e90264f33305004495a9","hash":"d05a7475043cb11bc5a5d1d671b1c4d5f99d3930"}
,"C:\\Users\\coder\\OneDrive\\Desktop\\server-side\\test\\freelance-marketplace-project-server\\src\\schemas\\taskSchema.js": {"path":"C:\\Users\\coder\\OneDrive\\Desktop\\server-side\\test\\freelance-marketplace-project-server\\src\\schemas\\taskSchema.js","statementMap":{"0":{"start":{"line":1,"column":16},"end":{"line":1,"column":34}},"1":{"start":{"line":2,"column":17},"end":{"line":2,"column":36}},"2":{"start":{"line":3,"column":19},"end":{"line":3,"column":27}},"3":{"start":{"line":6,"column":19},"end":{"line":40,"column":2}},"4":{"start":{"line":42,"column":0},"end":{"line":42,"column":28}}},"fnMap":{},"branchMap":{},"s":{"0":1,"1":1,"2":1,"3":1,"4":1},"f":{},"b":{},"_coverageSchema":"1a1c01bbd47fc00a2c39e90264f33305004495a9","hash":"3b46875c19996a13460b9eb7cbe30d5c7f66e8d0"}
}
